#
# There is insufficient memory for the Java Runtime Environment to continue.
# Native memory allocation (malloc) failed to allocate 1421936 bytes for Chunk::new
# Possible reasons:
#   The system is out of physical RAM or swap space
#   The process is running with CompressedOops enabled, and the Java Heap may be blocking the growth of the native heap
# Possible solutions:
#   Reduce memory load on the system
#   Increase physical memory or swap space
#   Check if swap backing store is full
#   Decrease Java heap size (-Xmx/-Xms)
#   Decrease number of Java threads
#   Decrease Java thread stack sizes (-Xss)
#   Set larger code cache with -XX:ReservedCodeCacheSize=
#   JVM is running with Unscaled Compressed Oops mode in which the Java heap is
#     placed in the first 4GB address space. The Java Heap base address is the
#     maximum limit for the native heap growth. Please use -XX:HeapBaseMinAddress
#     to set the Java Heap base and to place the Java Heap above 4GB virtual address.
# This output file may be truncated or incomplete.
#
#  Out of Memory Error (./open/src/hotspot/share/memory/arena.cpp:197), pid=5000, tid=14952
#
# JRE version: Java(TM) SE Runtime Environment 18.9 (11.0.15+8) (build 11.0.15+8-LTS-149)
# Java VM: Java HotSpot(TM) 64-Bit Server VM 18.9 (11.0.15+8-LTS-149, mixed mode, tiered, compressed oops, g1 gc, windows-amd64)
# No core dump will be written. Minidumps are not enabled by default on client versions of Windows
#

---------------  S U M M A R Y ------------

Command Line: -Dclassworlds.conf=C:/Program Files/apache-maven-3.8.5/bin/m2.conf -Dmaven.home=C:/Program Files/apache-maven-3.8.5 -Dlibrary.jansi.path=C:/Program Files/apache-maven-3.8.5/lib/jansi-native -Dmaven.multiModuleProjectDirectory=C:/Users/admin/WIN_Program/Full_Stack_103/Java/Testing/demo org.codehaus.plexus.classworlds.launcher.Launcher clean test

Host: Intel(R) Core(TM) i5-6300U CPU @ 2.40GHz, 4 cores, 7G,  Windows 10 , 64 bit Build 19041 (10.0.19041.1706)
Time: Sun May 22 20:10:48 2022 Eastern Daylight Time elapsed time: 5.287808 seconds (0d 0h 0m 5s)

---------------  T H R E A D  ---------------

Current thread (0x000002d1ec7b0800):  JavaThread "C2 CompilerThread0" daemon [_thread_in_native, id=14952, stack(0x000000f23ca00000,0x000000f23cb00000)]


Current CompileTask:
C2:   5287 3514   !   4       jdk.internal.loader.BuiltinClassLoader::loadClassOrNull (143 bytes)

Stack: [0x000000f23ca00000,0x000000f23cb00000]
Native frames: (J=compiled Java code, j=interpreted, Vv=VM code, C=native code)
V  [jvm.dll+0x629d8a]
V  [jvm.dll+0x7638ff]
V  [jvm.dll+0x764fa9]
V  [jvm.dll+0x765633]
V  [jvm.dll+0x23d9c8]
V  [jvm.dll+0xb2a1c]
V  [jvm.dll+0xb2fdc]
V  [jvm.dll+0x341047]
V  [jvm.dll+0x18cb19]
V  [jvm.dll+0x1f8672]
V  [jvm.dll+0x1f774d]
V  [jvm.dll+0x177c51]
V  [jvm.dll+0x207026]
V  [jvm.dll+0x2051bb]
V  [jvm.dll+0x729820]
V  [jvm.dll+0x7223f4]
V  [jvm.dll+0x628c26]
C  [ucrtbase.dll+0x21bb2]
C  [KERNEL32.DLL+0x17034]
C  [ntdll.dll+0x52651]


---------------  P R O C E S S  ---------------

Threads class SMR info:
_java_thread_list=0x000002d1ee949f80, length=11, elements={
0x000002d1cf2ba000, 0x000002d1ec760000, 0x000002d1ec78a000, 0x000002d1ec79b800,
0x000002d1ec79d800, 0x000002d1ec79e800, 0x000002d1ec7b0800, 0x000002d1ec7b3000,
0x000002d1ec7b7000, 0x000002d1ed262000, 0x000002d1eff46800
}

Java Threads: ( => current thread )
  0x000002d1cf2ba000 JavaThread "main" [_thread_in_Java, id=6180, stack(0x000000f23be00000,0x000000f23bf00000)]
  0x000002d1ec760000 JavaThread "Reference Handler" daemon [_thread_blocked, id=5424, stack(0x000000f23c500000,0x000000f23c600000)]
  0x000002d1ec78a000 JavaThread "Finalizer" daemon [_thread_blocked, id=9140, stack(0x000000f23c600000,0x000000f23c700000)]
  0x000002d1ec79b800 JavaThread "Signal Dispatcher" daemon [_thread_blocked, id=10752, stack(0x000000f23c700000,0x000000f23c800000)]
  0x000002d1ec79d800 JavaThread "Attach Listener" daemon [_thread_blocked, id=12204, stack(0x000000f23c800000,0x000000f23c900000)]
  0x000002d1ec79e800 JavaThread "Service Thread" daemon [_thread_blocked, id=12856, stack(0x000000f23c900000,0x000000f23ca00000)]
=>0x000002d1ec7b0800 JavaThread "C2 CompilerThread0" daemon [_thread_in_native, id=14952, stack(0x000000f23ca00000,0x000000f23cb00000)]
  0x000002d1ec7b3000 JavaThread "C1 CompilerThread0" daemon [_thread_blocked, id=13120, stack(0x000000f23cb00000,0x000000f23cc00000)]
  0x000002d1ec7b7000 JavaThread "Sweeper thread" daemon [_thread_blocked, id=9972, stack(0x000000f23cc00000,0x000000f23cd00000)]
  0x000002d1ed262000 JavaThread "Common-Cleaner" daemon [_thread_blocked, id=5480, stack(0x000000f23ce00000,0x000000f23cf00000)]
  0x000002d1eff46800 JavaThread "C2 CompilerThread1" daemon [_thread_in_native, id=2488, stack(0x000000f23d000000,0x000000f23d100000)]

Other Threads:
  0x000002d1ec75b800 VMThread "VM Thread" [stack: 0x000000f23c400000,0x000000f23c500000] [id=10516]
  0x000002d1ed261800 WatcherThread [stack: 0x000000f23cd00000,0x000000f23ce00000] [id=4048]
  0x000002d1cf2d0800 GCTaskThread "GC Thread#0" [stack: 0x000000f23bf00000,0x000000f23c000000] [id=5160]
  0x000002d1ed915800 GCTaskThread "GC Thread#1" [stack: 0x000000f23cf00000,0x000000f23d000000] [id=12732]
  0x000002d1cf300000 ConcurrentGCThread "G1 Main Marker" [stack: 0x000000f23c000000,0x000000f23c100000] [id=10732]
  0x000002d1cf301800 ConcurrentGCThread "G1 Conc#0" [stack: 0x000000f23c100000,0x000000f23c200000] [id=15512]
  0x000002d1cf382000 ConcurrentGCThread "G1 Refine#0" [stack: 0x000000f23c200000,0x000000f23c300000] [id=14800]
  0x000002d1cf383000 ConcurrentGCThread "G1 Young RemSet Sampling" [stack: 0x000000f23c300000,0x000000f23c400000] [id=6272]

Threads with active compile tasks:
C2 CompilerThread0   5346 3514   !   4       jdk.internal.loader.BuiltinClassLoader::loadClassOrNull (143 bytes)
C2 CompilerThread1   5346 3787       4       com.sun.tools.javac.util.Name$Table::equals (44 bytes)

VM state:not at safepoint (normal execution)

VM Mutex/Monitor currently owned by a thread: None

Heap address: 0x0000000085200000, size: 1966 MB, Compressed Oops mode: 32-bit
Narrow klass base: 0x0000000000000000, Narrow klass shift: 3
Compressed class space size: 1073741824 Address: 0x0000000100000000

Heap:
 garbage-first heap   total 126976K, used 60874K [0x0000000085200000, 0x0000000100000000)
  region size 1024K, 58 young (59392K), 5 survivors (5120K)
 Metaspace       used 29137K, capacity 29735K, committed 30000K, reserved 1075200K
  class space    used 3195K, capacity 3393K, committed 3456K, reserved 1048576K
Heap Regions: E=young(eden), S=young(survivor), O=old, HS=humongous(starts), HC=humongous(continues), CS=collection set, F=free, A=archive, TAMS=top-at-mark-start (previous, next)
|   0|0x0000000085200000, 0x0000000085300000, 0x0000000085300000|100%| O|  |TAMS 0x0000000085300000, 0x0000000085200000| Untracked 
|   1|0x0000000085300000, 0x0000000085400000, 0x0000000085400000|100%| O|  |TAMS 0x0000000085400000, 0x0000000085300000| Untracked 
|   2|0x0000000085400000, 0x0000000085500000, 0x0000000085500000|100%| O|  |TAMS 0x0000000085500000, 0x0000000085400000| Untracked 
|   3|0x0000000085500000, 0x0000000085500000, 0x0000000085600000|  0%| F|  |TAMS 0x0000000085500000, 0x0000000085500000| Untracked 
|   4|0x0000000085600000, 0x0000000085600000, 0x0000000085700000|  0%| F|  |TAMS 0x0000000085600000, 0x0000000085600000| Untracked 
|   5|0x0000000085700000, 0x0000000085700000, 0x0000000085800000|  0%| F|  |TAMS 0x0000000085700000, 0x0000000085700000| Untracked 
|   6|0x0000000085800000, 0x0000000085800000, 0x0000000085900000|  0%| F|  |TAMS 0x0000000085800000, 0x0000000085800000| Untracked 
|   7|0x0000000085900000, 0x0000000085900000, 0x0000000085a00000|  0%| F|  |TAMS 0x0000000085900000, 0x0000000085900000| Untracked 
|   8|0x0000000085a00000, 0x0000000085a00000, 0x0000000085b00000|  0%| F|  |TAMS 0x0000000085a00000, 0x0000000085a00000| Untracked 
|   9|0x0000000085b00000, 0x0000000085b00000, 0x0000000085c00000|  0%| F|  |TAMS 0x0000000085b00000, 0x0000000085b00000| Untracked 
|  10|0x0000000085c00000, 0x0000000085c00000, 0x0000000085d00000|  0%| F|  |TAMS 0x0000000085c00000, 0x0000000085c00000| Untracked 
|  11|0x0000000085d00000, 0x0000000085d00000, 0x0000000085e00000|  0%| F|  |TAMS 0x0000000085d00000, 0x0000000085d00000| Untracked 
|  12|0x0000000085e00000, 0x0000000085e00000, 0x0000000085f00000|  0%| F|  |TAMS 0x0000000085e00000, 0x0000000085e00000| Untracked 
|  13|0x0000000085f00000, 0x0000000085f00000, 0x0000000086000000|  0%| F|  |TAMS 0x0000000085f00000, 0x0000000085f00000| Untracked 
|  14|0x0000000086000000, 0x0000000086000000, 0x0000000086100000|  0%| F|  |TAMS 0x0000000086000000, 0x0000000086000000| Untracked 
|  15|0x0000000086100000, 0x0000000086100000, 0x0000000086200000|  0%| F|  |TAMS 0x0000000086100000, 0x0000000086100000| Untracked 
|  16|0x0000000086200000, 0x0000000086200000, 0x0000000086300000|  0%| F|  |TAMS 0x0000000086200000, 0x0000000086200000| Untracked 
|  17|0x0000000086300000, 0x0000000086300000, 0x0000000086400000|  0%| F|  |TAMS 0x0000000086300000, 0x0000000086300000| Untracked 
|  18|0x0000000086400000, 0x0000000086400000, 0x0000000086500000|  0%| F|  |TAMS 0x0000000086400000, 0x0000000086400000| Untracked 
|  19|0x0000000086500000, 0x0000000086500000, 0x0000000086600000|  0%| F|  |TAMS 0x0000000086500000, 0x0000000086500000| Untracked 
|  20|0x0000000086600000, 0x0000000086600000, 0x0000000086700000|  0%| F|  |TAMS 0x0000000086600000, 0x0000000086600000| Untracked 
|  21|0x0000000086700000, 0x0000000086700000, 0x0000000086800000|  0%| F|  |TAMS 0x0000000086700000, 0x0000000086700000| Untracked 
|  22|0x0000000086800000, 0x0000000086800000, 0x0000000086900000|  0%| F|  |TAMS 0x0000000086800000, 0x0000000086800000| Untracked 
|  23|0x0000000086900000, 0x0000000086900000, 0x0000000086a00000|  0%| F|  |TAMS 0x0000000086900000, 0x0000000086900000| Untracked 
|  24|0x0000000086a00000, 0x0000000086a00000, 0x0000000086b00000|  0%| F|  |TAMS 0x0000000086a00000, 0x0000000086a00000| Untracked 
|  25|0x0000000086b00000, 0x0000000086b00000, 0x0000000086c00000|  0%| F|  |TAMS 0x0000000086b00000, 0x0000000086b00000| Untracked 
|  26|0x0000000086c00000, 0x0000000086c00000, 0x0000000086d00000|  0%| F|  |TAMS 0x0000000086c00000, 0x0000000086c00000| Untracked 
|  27|0x0000000086d00000, 0x0000000086d00000, 0x0000000086e00000|  0%| F|  |TAMS 0x0000000086d00000, 0x0000000086d00000| Untracked 
|  28|0x0000000086e00000, 0x0000000086e00000, 0x0000000086f00000|  0%| F|  |TAMS 0x0000000086e00000, 0x0000000086e00000| Untracked 
|  29|0x0000000086f00000, 0x0000000086f00000, 0x0000000087000000|  0%| F|  |TAMS 0x0000000086f00000, 0x0000000086f00000| Untracked 
|  30|0x0000000087000000, 0x0000000087000000, 0x0000000087100000|  0%| F|  |TAMS 0x0000000087000000, 0x0000000087000000| Untracked 
|  31|0x0000000087100000, 0x0000000087100000, 0x0000000087200000|  0%| F|  |TAMS 0x0000000087100000, 0x0000000087100000| Untracked 
|  32|0x0000000087200000, 0x0000000087200000, 0x0000000087300000|  0%| F|  |TAMS 0x0000000087200000, 0x0000000087200000| Untracked 
|  33|0x0000000087300000, 0x0000000087300000, 0x0000000087400000|  0%| F|  |TAMS 0x0000000087300000, 0x0000000087300000| Untracked 
|  34|0x0000000087400000, 0x0000000087400000, 0x0000000087500000|  0%| F|  |TAMS 0x0000000087400000, 0x0000000087400000| Untracked 
|  35|0x0000000087500000, 0x0000000087500000, 0x0000000087600000|  0%| F|  |TAMS 0x0000000087500000, 0x0000000087500000| Untracked 
|  36|0x0000000087600000, 0x0000000087600000, 0x0000000087700000|  0%| F|  |TAMS 0x0000000087600000, 0x0000000087600000| Untracked 
|  37|0x0000000087700000, 0x0000000087700000, 0x0000000087800000|  0%| F|  |TAMS 0x0000000087700000, 0x0000000087700000| Untracked 
|  38|0x0000000087800000, 0x0000000087800000, 0x0000000087900000|  0%| F|  |TAMS 0x0000000087800000, 0x0000000087800000| Untracked 
|  39|0x0000000087900000, 0x0000000087900000, 0x0000000087a00000|  0%| F|  |TAMS 0x0000000087900000, 0x0000000087900000| Untracked 
|  40|0x0000000087a00000, 0x0000000087a00000, 0x0000000087b00000|  0%| F|  |TAMS 0x0000000087a00000, 0x0000000087a00000| Untracked 
|  41|0x0000000087b00000, 0x0000000087b00000, 0x0000000087c00000|  0%| F|  |TAMS 0x0000000087b00000, 0x0000000087b00000| Untracked 
|  42|0x0000000087c00000, 0x0000000087c00000, 0x0000000087d00000|  0%| F|  |TAMS 0x0000000087c00000, 0x0000000087c00000| Untracked 
|  43|0x0000000087d00000, 0x0000000087d00000, 0x0000000087e00000|  0%| F|  |TAMS 0x0000000087d00000, 0x0000000087d00000| Untracked 
|  44|0x0000000087e00000, 0x0000000087e00000, 0x0000000087f00000|  0%| F|  |TAMS 0x0000000087e00000, 0x0000000087e00000| Untracked 
|  45|0x0000000087f00000, 0x0000000087f00000, 0x0000000088000000|  0%| F|  |TAMS 0x0000000087f00000, 0x0000000087f00000| Untracked 
|  46|0x0000000088000000, 0x0000000088000000, 0x0000000088100000|  0%| F|  |TAMS 0x0000000088000000, 0x0000000088000000| Untracked 
|  47|0x0000000088100000, 0x0000000088100000, 0x0000000088200000|  0%| F|  |TAMS 0x0000000088100000, 0x0000000088100000| Untracked 
|  48|0x0000000088200000, 0x0000000088200000, 0x0000000088300000|  0%| F|  |TAMS 0x0000000088200000, 0x0000000088200000| Untracked 
|  49|0x0000000088300000, 0x0000000088300000, 0x0000000088400000|  0%| F|  |TAMS 0x0000000088300000, 0x0000000088300000| Untracked 
|  50|0x0000000088400000, 0x0000000088400000, 0x0000000088500000|  0%| F|  |TAMS 0x0000000088400000, 0x0000000088400000| Untracked 
|  51|0x0000000088500000, 0x0000000088500000, 0x0000000088600000|  0%| F|  |TAMS 0x0000000088500000, 0x0000000088500000| Untracked 
|  52|0x0000000088600000, 0x0000000088600000, 0x0000000088700000|  0%| F|  |TAMS 0x0000000088600000, 0x0000000088600000| Untracked 
|  53|0x0000000088700000, 0x0000000088700000, 0x0000000088800000|  0%| F|  |TAMS 0x0000000088700000, 0x0000000088700000| Untracked 
|  54|0x0000000088800000, 0x0000000088800000, 0x0000000088900000|  0%| F|  |TAMS 0x0000000088800000, 0x0000000088800000| Untracked 
|  55|0x0000000088900000, 0x0000000088900000, 0x0000000088a00000|  0%| F|  |TAMS 0x0000000088900000, 0x0000000088900000| Untracked 
|  56|0x0000000088a00000, 0x0000000088a00000, 0x0000000088b00000|  0%| F|  |TAMS 0x0000000088a00000, 0x0000000088a00000| Untracked 
|  57|0x0000000088b00000, 0x0000000088b00000, 0x0000000088c00000|  0%| F|  |TAMS 0x0000000088b00000, 0x0000000088b00000| Untracked 
|  58|0x0000000088c00000, 0x0000000088c00000, 0x0000000088d00000|  0%| F|  |TAMS 0x0000000088c00000, 0x0000000088c00000| Untracked 
|  59|0x0000000088d00000, 0x0000000088d00000, 0x0000000088e00000|  0%| F|  |TAMS 0x0000000088d00000, 0x0000000088d00000| Untracked 
|  60|0x0000000088e00000, 0x0000000088e00000, 0x0000000088f00000|  0%| F|  |TAMS 0x0000000088e00000, 0x0000000088e00000| Untracked 
|  61|0x0000000088f00000, 0x0000000088f00000, 0x0000000089000000|  0%| F|  |TAMS 0x0000000088f00000, 0x0000000088f00000| Untracked 
|  62|0x0000000089000000, 0x0000000089000000, 0x0000000089100000|  0%| F|  |TAMS 0x0000000089000000, 0x0000000089000000| Untracked 
|  63|0x0000000089100000, 0x0000000089100000, 0x0000000089200000|  0%| F|  |TAMS 0x0000000089100000, 0x0000000089100000| Untracked 
|  64|0x0000000089200000, 0x0000000089200000, 0x0000000089300000|  0%| F|  |TAMS 0x0000000089200000, 0x0000000089200000| Untracked 
|  65|0x0000000089300000, 0x0000000089300000, 0x0000000089400000|  0%| F|  |TAMS 0x0000000089300000, 0x0000000089300000| Untracked 
|  66|0x0000000089400000, 0x0000000089480800, 0x0000000089500000| 50%| E|  |TAMS 0x0000000089400000, 0x0000000089400000| Complete 
|  67|0x0000000089500000, 0x0000000089600000, 0x0000000089600000|100%| E|CS|TAMS 0x0000000089500000, 0x0000000089500000| Complete 
|  68|0x0000000089600000, 0x0000000089700000, 0x0000000089700000|100%| E|CS|TAMS 0x0000000089600000, 0x0000000089600000| Complete 
|  69|0x0000000089700000, 0x0000000089800000, 0x0000000089800000|100%| E|CS|TAMS 0x0000000089700000, 0x0000000089700000| Complete 
|  70|0x0000000089800000, 0x0000000089900000, 0x0000000089900000|100%| E|CS|TAMS 0x0000000089800000, 0x0000000089800000| Complete 
|  71|0x0000000089900000, 0x0000000089a00000, 0x0000000089a00000|100%| E|CS|TAMS 0x0000000089900000, 0x0000000089900000| Complete 
|  72|0x0000000089a00000, 0x0000000089b00000, 0x0000000089b00000|100%| E|CS|TAMS 0x0000000089a00000, 0x0000000089a00000| Complete 
|  73|0x0000000089b00000, 0x0000000089c00000, 0x0000000089c00000|100%| E|CS|TAMS 0x0000000089b00000, 0x0000000089b00000| Complete 
|  74|0x0000000089c00000, 0x0000000089d00000, 0x0000000089d00000|100%| E|CS|TAMS 0x0000000089c00000, 0x0000000089c00000| Complete 
|  75|0x0000000089d00000, 0x0000000089e00000, 0x0000000089e00000|100%| E|CS|TAMS 0x0000000089d00000, 0x0000000089d00000| Complete 
|  76|0x0000000089e00000, 0x0000000089f00000, 0x0000000089f00000|100%| E|CS|TAMS 0x0000000089e00000, 0x0000000089e00000| Complete 
|  77|0x0000000089f00000, 0x000000008a000000, 0x000000008a000000|100%| E|CS|TAMS 0x0000000089f00000, 0x0000000089f00000| Complete 
|  78|0x000000008a000000, 0x000000008a072990, 0x000000008a100000| 44%| S|CS|TAMS 0x000000008a000000, 0x000000008a000000| Complete 
|  79|0x000000008a100000, 0x000000008a200000, 0x000000008a200000|100%| S|CS|TAMS 0x000000008a100000, 0x000000008a100000| Complete 
|  80|0x000000008a200000, 0x000000008a300000, 0x000000008a300000|100%| S|CS|TAMS 0x000000008a200000, 0x000000008a200000| Complete 
|  81|0x000000008a300000, 0x000000008a400000, 0x000000008a400000|100%| S|CS|TAMS 0x000000008a300000, 0x000000008a300000| Complete 
|  82|0x000000008a400000, 0x000000008a500000, 0x000000008a500000|100%| S|CS|TAMS 0x000000008a400000, 0x000000008a400000| Complete 
|  83|0x000000008a500000, 0x000000008a600000, 0x000000008a600000|100%| E|CS|TAMS 0x000000008a500000, 0x000000008a500000| Complete 
|  84|0x000000008a600000, 0x000000008a700000, 0x000000008a700000|100%| E|CS|TAMS 0x000000008a600000, 0x000000008a600000| Complete 
|  85|0x000000008a700000, 0x000000008a800000, 0x000000008a800000|100%| E|CS|TAMS 0x000000008a700000, 0x000000008a700000| Complete 
|  86|0x000000008a800000, 0x000000008a900000, 0x000000008a900000|100%| E|CS|TAMS 0x000000008a800000, 0x000000008a800000| Complete 
|  87|0x000000008a900000, 0x000000008aa00000, 0x000000008aa00000|100%| E|CS|TAMS 0x000000008a900000, 0x000000008a900000| Complete 
|  88|0x000000008aa00000, 0x000000008ab00000, 0x000000008ab00000|100%| E|CS|TAMS 0x000000008aa00000, 0x000000008aa00000| Complete 
|  89|0x000000008ab00000, 0x000000008ac00000, 0x000000008ac00000|100%| E|CS|TAMS 0x000000008ab00000, 0x000000008ab00000| Complete 
|  90|0x000000008ac00000, 0x000000008ad00000, 0x000000008ad00000|100%| E|CS|TAMS 0x000000008ac00000, 0x000000008ac00000| Complete 
|  91|0x000000008ad00000, 0x000000008ae00000, 0x000000008ae00000|100%| E|CS|TAMS 0x000000008ad00000, 0x000000008ad00000| Complete 
|  92|0x000000008ae00000, 0x000000008af00000, 0x000000008af00000|100%| E|CS|TAMS 0x000000008ae00000, 0x000000008ae00000| Complete 
|  93|0x000000008af00000, 0x000000008b000000, 0x000000008b000000|100%| E|CS|TAMS 0x000000008af00000, 0x000000008af00000| Complete 
|  94|0x000000008b000000, 0x000000008b100000, 0x000000008b100000|100%| E|CS|TAMS 0x000000008b000000, 0x000000008b000000| Complete 
|  95|0x000000008b100000, 0x000000008b200000, 0x000000008b200000|100%| E|CS|TAMS 0x000000008b100000, 0x000000008b100000| Complete 
|  96|0x000000008b200000, 0x000000008b300000, 0x000000008b300000|100%| E|CS|TAMS 0x000000008b200000, 0x000000008b200000| Complete 
|  97|0x000000008b300000, 0x000000008b400000, 0x000000008b400000|100%| E|CS|TAMS 0x000000008b300000, 0x000000008b300000| Complete 
|  98|0x000000008b400000, 0x000000008b500000, 0x000000008b500000|100%| E|CS|TAMS 0x000000008b400000, 0x000000008b400000| Complete 
|  99|0x000000008b500000, 0x000000008b600000, 0x000000008b600000|100%| E|CS|TAMS 0x000000008b500000, 0x000000008b500000| Complete 
| 100|0x000000008b600000, 0x000000008b700000, 0x000000008b700000|100%| E|CS|TAMS 0x000000008b600000, 0x000000008b600000| Complete 
| 101|0x000000008b700000, 0x000000008b800000, 0x000000008b800000|100%| E|CS|TAMS 0x000000008b700000, 0x000000008b700000| Complete 
| 102|0x000000008b800000, 0x000000008b900000, 0x000000008b900000|100%| E|CS|TAMS 0x000000008b800000, 0x000000008b800000| Complete 
| 103|0x000000008b900000, 0x000000008ba00000, 0x000000008ba00000|100%| E|CS|TAMS 0x000000008b900000, 0x000000008b900000| Complete 
| 104|0x000000008ba00000, 0x000000008bb00000, 0x000000008bb00000|100%| E|CS|TAMS 0x000000008ba00000, 0x000000008ba00000| Complete 
| 105|0x000000008bb00000, 0x000000008bc00000, 0x000000008bc00000|100%| E|CS|TAMS 0x000000008bb00000, 0x000000008bb00000| Complete 
| 106|0x000000008bc00000, 0x000000008bd00000, 0x000000008bd00000|100%| E|CS|TAMS 0x000000008bc00000, 0x000000008bc00000| Complete 
| 107|0x000000008bd00000, 0x000000008be00000, 0x000000008be00000|100%| E|CS|TAMS 0x000000008bd00000, 0x000000008bd00000| Complete 
| 108|0x000000008be00000, 0x000000008bf00000, 0x000000008bf00000|100%| E|CS|TAMS 0x000000008be00000, 0x000000008be00000| Complete 
| 109|0x000000008bf00000, 0x000000008c000000, 0x000000008c000000|100%| E|CS|TAMS 0x000000008bf00000, 0x000000008bf00000| Complete 
| 110|0x000000008c000000, 0x000000008c100000, 0x000000008c100000|100%| E|CS|TAMS 0x000000008c000000, 0x000000008c000000| Complete 
| 111|0x000000008c100000, 0x000000008c200000, 0x000000008c200000|100%| E|CS|TAMS 0x000000008c100000, 0x000000008c100000| Complete 
| 112|0x000000008c200000, 0x000000008c300000, 0x000000008c300000|100%| E|CS|TAMS 0x000000008c200000, 0x000000008c200000| Complete 
| 113|0x000000008c300000, 0x000000008c400000, 0x000000008c400000|100%| E|CS|TAMS 0x000000008c300000, 0x000000008c300000| Complete 
| 114|0x000000008c400000, 0x000000008c500000, 0x000000008c500000|100%| E|CS|TAMS 0x000000008c400000, 0x000000008c400000| Complete 
| 115|0x000000008c500000, 0x000000008c600000, 0x000000008c600000|100%| E|CS|TAMS 0x000000008c500000, 0x000000008c500000| Complete 
| 116|0x000000008c600000, 0x000000008c700000, 0x000000008c700000|100%| E|CS|TAMS 0x000000008c600000, 0x000000008c600000| Complete 
| 117|0x000000008c700000, 0x000000008c800000, 0x000000008c800000|100%| E|CS|TAMS 0x000000008c700000, 0x000000008c700000| Complete 
| 118|0x000000008c800000, 0x000000008c900000, 0x000000008c900000|100%| E|CS|TAMS 0x000000008c800000, 0x000000008c800000| Complete 
| 119|0x000000008c900000, 0x000000008ca00000, 0x000000008ca00000|100%| E|CS|TAMS 0x000000008c900000, 0x000000008c900000| Complete 
| 120|0x000000008ca00000, 0x000000008cb00000, 0x000000008cb00000|100%| E|CS|TAMS 0x000000008ca00000, 0x000000008ca00000| Complete 
| 121|0x000000008cb00000, 0x000000008cc00000, 0x000000008cc00000|100%| E|CS|TAMS 0x000000008cb00000, 0x000000008cb00000| Complete 
| 122|0x000000008cc00000, 0x000000008cd00000, 0x000000008cd00000|100%| E|CS|TAMS 0x000000008cc00000, 0x000000008cc00000| Complete 
| 123|0x000000008cd00000, 0x000000008ce00000, 0x000000008ce00000|100%| E|CS|TAMS 0x000000008cd00000, 0x000000008cd00000| Complete 

Card table byte_map: [0x000002d1e5d50000,0x000002d1e6130000] _byte_map_base: 0x000002d1e5927000

Marking Bits (Prev, Next): (CMBitMap*) 0x000002d1cf2f7b40, (CMBitMap*) 0x000002d1cf2f7b08
 Prev Bits: [0x000002d1e83d0000, 0x000002d1ea288000)
 Next Bits: [0x000002d1e6510000, 0x000002d1e83c8000)

Polling page: 0x000002d1ceaa0000

Metaspace:

Usage:
  Non-class:     25.73 MB capacity,    25.35 MB ( 99%) used,   337.75 KB (  1%) free+waste,    43.88 KB ( <1%) overhead. 
      Class:      3.31 MB capacity,     3.12 MB ( 94%) used,   176.72 KB (  5%) free+waste,    19.50 KB ( <1%) overhead. 
       Both:     29.04 MB capacity,    28.47 MB ( 98%) used,   514.47 KB (  2%) free+waste,    63.38 KB ( <1%) overhead. 

Virtual space:
  Non-class space:       26.00 MB reserved,      25.92 MB (>99%) committed 
      Class space:        1.00 GB reserved,       3.38 MB ( <1%) committed 
             Both:        1.03 GB reserved,      29.30 MB (  3%) committed 

Chunk freelists:
   Non-Class:  1.13 KB
       Class:  0 bytes
        Both:  1.13 KB

CodeHeap 'non-profiled nmethods': size=120064Kb used=1680Kb max_used=1680Kb free=118384Kb
 bounds [0x000002d1de430000, 0x000002d1de6a0000, 0x000002d1e5970000]
CodeHeap 'profiled nmethods': size=120000Kb used=8287Kb max_used=8287Kb free=111712Kb
 bounds [0x000002d1d6f00000, 0x000002d1d7720000, 0x000002d1de430000]
CodeHeap 'non-nmethods': size=5696Kb used=1126Kb max_used=1153Kb free=4569Kb
 bounds [0x000002d1d6970000, 0x000002d1d6be0000, 0x000002d1d6f00000]
 total_blobs=4330 nmethods=3878 adapters=363
 compilation: enabled
              stopped_count=0, restarted_count=0
 full_count=0

Compilation events (10 events):
Event: 5.267 Thread 0x000002d1ec7b3000 3848       3       com.sun.tools.javac.jvm.Code::width (16 bytes)
Event: 5.267 Thread 0x000002d1ec7b3000 nmethod 3848 0x000002d1d76f8290 code [0x000002d1d76f8440, 0x000002d1d76f85d8]
Event: 5.267 Thread 0x000002d1ec7b3000 3849       3       com.sun.tools.javac.jvm.Code::typecode (141 bytes)
Event: 5.268 Thread 0x000002d1ec7b3000 nmethod 3849 0x000002d1d76f8690 code [0x000002d1d76f8940, 0x000002d1d76f9798]
Event: 5.273 Thread 0x000002d1ec7b3000 3852       3       com.sun.tools.javac.util.List::nonEmpty (13 bytes)
Event: 5.273 Thread 0x000002d1ec7b3000 nmethod 3852 0x000002d1d76f9c10 code [0x000002d1d76f9da0, 0x000002d1d76f9ef8]
Event: 5.278 Thread 0x000002d1ec7b3000 3853       3       jdk.internal.org.objectweb.asm.MethodVisitor::visitVarInsn (17 bytes)
Event: 5.278 Thread 0x000002d1ec7b3000 nmethod 3853 0x000002d1d76f9f90 code [0x000002d1d76fa140, 0x000002d1d76fa328]
Event: 5.279 Thread 0x000002d1ec7b3000 3854       3       com.sun.tools.javac.util.List::size (5 bytes)
Event: 5.279 Thread 0x000002d1ec7b3000 nmethod 3854 0x000002d1d76fa410 code [0x000002d1d76fa5c0, 0x000002d1d76fa858]

GC Heap History (8 events):
Event: 0.889 GC heap before
{Heap before GC invocations=0 (full 0):
 garbage-first heap   total 126976K, used 14336K [0x0000000085200000, 0x0000000100000000)
  region size 1024K, 14 young (14336K), 0 survivors (0K)
 Metaspace       used 10929K, capacity 11112K, committed 11136K, reserved 1058816K
  class space    used 1062K, capacity 1152K, committed 1152K, reserved 1048576K
}
Event: 0.896 GC heap after
{Heap after GC invocations=1 (full 0):
 garbage-first heap   total 126976K, used 3157K [0x0000000085200000, 0x0000000100000000)
  region size 1024K, 2 young (2048K), 2 survivors (2048K)
 Metaspace       used 10929K, capacity 11112K, committed 11136K, reserved 1058816K
  class space    used 1062K, capacity 1152K, committed 1152K, reserved 1048576K
}
Event: 1.094 GC heap before
{Heap before GC invocations=1 (full 0):
 garbage-first heap   total 126976K, used 13397K [0x0000000085200000, 0x0000000100000000)
  region size 1024K, 12 young (12288K), 2 survivors (2048K)
 Metaspace       used 12343K, capacity 12532K, committed 12672K, reserved 1060864K
  class space    used 1255K, capacity 1348K, committed 1408K, reserved 1048576K
}
Event: 1.100 GC heap after
{Heap after GC invocations=2 (full 0):
 garbage-first heap   total 126976K, used 3637K [0x0000000085200000, 0x0000000100000000)
  region size 1024K, 1 young (1024K), 1 survivors (1024K)
 Metaspace       used 12343K, capacity 12532K, committed 12672K, reserved 1060864K
  class space    used 1255K, capacity 1348K, committed 1408K, reserved 1048576K
}
Event: 1.755 GC heap before
{Heap before GC invocations=2 (full 0):
 garbage-first heap   total 126976K, used 32309K [0x0000000085200000, 0x0000000100000000)
  region size 1024K, 29 young (29696K), 1 survivors (1024K)
 Metaspace       used 16458K, capacity 16688K, committed 16768K, reserved 1064960K
  class space    used 1779K, capacity 1875K, committed 1920K, reserved 1048576K
}
Event: 1.761 GC heap after
{Heap after GC invocations=3 (full 0):
 garbage-first heap   total 126976K, used 5060K [0x0000000085200000, 0x0000000100000000)
  region size 1024K, 2 young (2048K), 2 survivors (2048K)
 Metaspace       used 16458K, capacity 16688K, committed 16768K, reserved 1064960K
  class space    used 1779K, capacity 1875K, committed 1920K, reserved 1048576K
}
Event: 3.322 GC heap before
{Heap before GC invocations=3 (full 0):
 garbage-first heap   total 126976K, used 43972K [0x0000000085200000, 0x0000000100000000)
  region size 1024K, 41 young (41984K), 2 survivors (2048K)
 Metaspace       used 20798K, capacity 21172K, committed 21296K, reserved 1069056K
  class space    used 2227K, capacity 2355K, committed 2432K, reserved 1048576K
}
Event: 3.335 GC heap after
{Heap after GC invocations=4 (full 0):
 garbage-first heap   total 126976K, used 7626K [0x0000000085200000, 0x0000000100000000)
  region size 1024K, 5 young (5120K), 5 survivors (5120K)
 Metaspace       used 20798K, capacity 21172K, committed 21296K, reserved 1069056K
  class space    used 2227K, capacity 2355K, committed 2432K, reserved 1048576K
}

Deoptimization events (10 events):
Event: 4.181 Thread 0x000002d1cf2ba000 Uncommon trap: reason=array_check action=maybe_recompile pc=0x000002d1de5a3208 method=java.util.TimSort.binarySort([Ljava/lang/Object;IIILjava/util/Comparator;)V @ 215 c2
Event: 4.513 Thread 0x000002d1cf2ba000 Uncommon trap: reason=unstable_if action=reinterpret pc=0x000002d1de4abc08 method=jdk.internal.jimage.BasicImageReader.findLocation(Ljava/lang/String;Ljava/lang/String;)Ljdk/internal/jimage/ImageLocation; @ 96 c2
Event: 4.521 Thread 0x000002d1cf2ba000 Uncommon trap: reason=unstable_if action=reinterpret pc=0x000002d1de49e7d8 method=java.nio.Buffer.limit(I)Ljava/nio/Buffer; @ 42 c2
Event: 4.523 Thread 0x000002d1cf2ba000 Uncommon trap: reason=unstable_if action=reinterpret pc=0x000002d1de481244 method=java.nio.Buffer.limit(I)Ljava/nio/Buffer; @ 42 c2
Event: 5.005 Thread 0x000002d1cf2ba000 Uncommon trap: reason=class_check action=maybe_recompile pc=0x000002d1de459798 method=jdk.internal.loader.URLClassPath.getLoader(I)Ljdk/internal/loader/URLClassPath$Loader; @ 88 c2
Event: 5.006 Thread 0x000002d1cf2ba000 Uncommon trap: reason=class_check action=maybe_recompile pc=0x000002d1de459798 method=jdk.internal.loader.URLClassPath.getLoader(I)Ljdk/internal/loader/URLClassPath$Loader; @ 88 c2
Event: 5.015 Thread 0x000002d1cf2ba000 Uncommon trap: reason=bimorphic_or_optimized_type_check action=maybe_recompile pc=0x000002d1de594f2c method=java.util.regex.Matcher.match(II)Z @ 121 c2
Event: 5.026 Thread 0x000002d1cf2ba000 Uncommon trap: reason=unstable_if action=reinterpret pc=0x000002d1de53fb80 method=java.lang.CharacterDataLatin1.isWhitespace(I)Z @ 14 c2
Event: 5.042 Thread 0x000002d1cf2ba000 Uncommon trap: reason=unstable_if action=reinterpret pc=0x000002d1de4a8e80 method=java.lang.CharacterDataLatin1.isWhitespace(I)Z @ 14 c2
Event: 5.057 Thread 0x000002d1cf2ba000 Uncommon trap: reason=null_check action=make_not_entrant pc=0x000002d1de5b06a8 method=java.util.TimSort.binarySort([Ljava/lang/Object;IIILjava/util/Comparator;)V @ 193 c2

Classes redefined (0 events):
No events

Internal exceptions (10 events):
Event: 5.265 Thread 0x000002d1cf2ba000 Exception <a 'sun/nio/fs/WindowsException'{0x000000008965b140}> (0x000000008965b140) thrown at [./open/src/hotspot/share/prims/jni.cpp, line 611]
Event: 5.265 Thread 0x000002d1cf2ba000 Exception <a 'sun/nio/fs/WindowsException'{0x000000008965b460}> (0x000000008965b460) thrown at [./open/src/hotspot/share/prims/jni.cpp, line 611]
Event: 5.265 Thread 0x000002d1cf2ba000 Exception <a 'sun/nio/fs/WindowsException'{0x000000008965c5c0}> (0x000000008965c5c0) thrown at [./open/src/hotspot/share/prims/jni.cpp, line 611]
Event: 5.265 Thread 0x000002d1cf2ba000 Exception <a 'sun/nio/fs/WindowsException'{0x000000008965c920}> (0x000000008965c920) thrown at [./open/src/hotspot/share/prims/jni.cpp, line 611]
Event: 5.271 Thread 0x000002d1cf2ba000 Exception <a 'sun/nio/fs/WindowsException'{0x00000000896c8b38}> (0x00000000896c8b38) thrown at [./open/src/hotspot/share/prims/jni.cpp, line 611]
Event: 5.271 Thread 0x000002d1cf2ba000 Exception <a 'sun/nio/fs/WindowsException'{0x00000000896c8e58}> (0x00000000896c8e58) thrown at [./open/src/hotspot/share/prims/jni.cpp, line 611]
Event: 5.271 Thread 0x000002d1cf2ba000 Exception <a 'sun/nio/fs/WindowsException'{0x00000000896c9d10}> (0x00000000896c9d10) thrown at [./open/src/hotspot/share/prims/jni.cpp, line 611]
Event: 5.272 Thread 0x000002d1cf2ba000 Exception <a 'sun/nio/fs/WindowsException'{0x00000000896c9fe0}> (0x00000000896c9fe0) thrown at [./open/src/hotspot/share/prims/jni.cpp, line 611]
Event: 5.272 Thread 0x000002d1cf2ba000 Exception <a 'sun/nio/fs/WindowsException'{0x00000000896cb088}> (0x00000000896cb088) thrown at [./open/src/hotspot/share/prims/jni.cpp, line 611]
Event: 5.272 Thread 0x000002d1cf2ba000 Exception <a 'sun/nio/fs/WindowsException'{0x00000000896cb3a8}> (0x00000000896cb3a8) thrown at [./open/src/hotspot/share/prims/jni.cpp, line 611]

Events (10 events):
Event: 5.261 loading class com/sun/tools/javac/comp/TypeEnter
Event: 5.261 loading class com/sun/tools/javac/comp/TypeEnter done
Event: 5.275 loading class com/sun/tools/javac/code/Type
Event: 5.275 loading class com/sun/tools/javac/code/Type done
Event: 5.275 loading class com/sun/tools/javac/code/Type
Event: 5.275 loading class com/sun/tools/javac/code/Type done
Event: 5.277 loading class com/sun/tools/javac/code/Type
Event: 5.277 loading class com/sun/tools/javac/code/Type done
Event: 5.277 loading class com/sun/tools/javac/comp/Resolve
Event: 5.277 loading class com/sun/tools/javac/comp/Resolve done


Dynamic libraries:
0x00007ff74f040000 - 0x00007ff74f04f000 	C:\Program Files\Java\jdk-11.0.15\bin\java.exe
0x00007ff9cd110000 - 0x00007ff9cd305000 	C:\WINDOWS\SYSTEM32\ntdll.dll
0x00007ff9cbb90000 - 0x00007ff9cbc4d000 	C:\WINDOWS\System32\KERNEL32.DLL
0x00007ff9ca980000 - 0x00007ff9cac4d000 	C:\WINDOWS\System32\KERNELBASE.dll
0x00007ff9cb060000 - 0x00007ff9cb160000 	C:\WINDOWS\System32\ucrtbase.dll
0x00007ff9c5060000 - 0x00007ff9c5078000 	C:\Program Files\Java\jdk-11.0.15\bin\jli.dll
0x00007ff9bc220000 - 0x00007ff9bc235000 	C:\Program Files\Java\jdk-11.0.15\bin\VCRUNTIME140.dll
0x00007ff9cb380000 - 0x00007ff9cb42e000 	C:\WINDOWS\System32\ADVAPI32.dll
0x00007ff9cc3a0000 - 0x00007ff9cc43e000 	C:\WINDOWS\System32\msvcrt.dll
0x00007ff9cb1c0000 - 0x00007ff9cb25c000 	C:\WINDOWS\System32\sechost.dll
0x00007ff9cc4a0000 - 0x00007ff9cc5c5000 	C:\WINDOWS\System32\RPCRT4.dll
0x00007ff9cbd70000 - 0x00007ff9cbf10000 	C:\WINDOWS\System32\USER32.dll
0x00007ff9caf10000 - 0x00007ff9caf32000 	C:\WINDOWS\System32\win32u.dll
0x00007ff9b7790000 - 0x00007ff9b7a2a000 	C:\WINDOWS\WinSxS\amd64_microsoft.windows.common-controls_6595b64144ccf1df_6.0.19041.1110_none_60b5254171f9507e\COMCTL32.dll
0x00007ff9cc350000 - 0x00007ff9cc37a000 	C:\WINDOWS\System32\GDI32.dll
0x00007ff9cadb0000 - 0x00007ff9caebb000 	C:\WINDOWS\System32\gdi32full.dll
0x00007ff9ca820000 - 0x00007ff9ca8bd000 	C:\WINDOWS\System32\msvcp_win.dll
0x00007ff9bd180000 - 0x00007ff9bd18a000 	C:\WINDOWS\SYSTEM32\VERSION.dll
0x00007ff9cc740000 - 0x00007ff9cc770000 	C:\WINDOWS\System32\IMM32.DLL
0x00007ff9a9a60000 - 0x00007ff9a9afb000 	C:\Program Files\Java\jdk-11.0.15\bin\msvcp140.dll
0x00007ff97ea50000 - 0x00007ff97f566000 	C:\Program Files\Java\jdk-11.0.15\bin\server\jvm.dll
0x00007ff9cb310000 - 0x00007ff9cb318000 	C:\WINDOWS\System32\PSAPI.DLL
0x00007ff9b4b30000 - 0x00007ff9b4b39000 	C:\WINDOWS\SYSTEM32\WSOCK32.dll
0x00007ff9cbd00000 - 0x00007ff9cbd6b000 	C:\WINDOWS\System32\WS2_32.dll
0x00007ff9b9390000 - 0x00007ff9b93b7000 	C:\WINDOWS\SYSTEM32\WINMM.dll
0x00007ff9c8720000 - 0x00007ff9c8732000 	C:\WINDOWS\SYSTEM32\kernel.appcore.dll
0x00007ff9c61f0000 - 0x00007ff9c6200000 	C:\Program Files\Java\jdk-11.0.15\bin\verify.dll
0x00007ff9bdcc0000 - 0x00007ff9bdea4000 	C:\WINDOWS\SYSTEM32\DBGHELP.DLL
0x00007ff9b6d70000 - 0x00007ff9b6d9c000 	C:\WINDOWS\SYSTEM32\dbgcore.DLL
0x00007ff9ca8c0000 - 0x00007ff9ca942000 	C:\WINDOWS\System32\bcryptPrimitives.dll
0x00007ff9b8250000 - 0x00007ff9b8278000 	C:\Program Files\Java\jdk-11.0.15\bin\java.dll
0x00007ff9c5480000 - 0x00007ff9c548a000 	C:\Program Files\Java\jdk-11.0.15\bin\jimage.dll
0x00007ff9bc040000 - 0x00007ff9bc056000 	C:\Program Files\Java\jdk-11.0.15\bin\zip.dll
0x00007ff9cb430000 - 0x00007ff9cbb74000 	C:\WINDOWS\System32\SHELL32.dll
0x00007ff9c8920000 - 0x00007ff9c90b4000 	C:\WINDOWS\SYSTEM32\windows.storage.dll
0x00007ff9cbf10000 - 0x00007ff9cc264000 	C:\WINDOWS\System32\combase.dll
0x00007ff9ca280000 - 0x00007ff9ca2ac000 	C:\WINDOWS\SYSTEM32\Wldp.dll
0x00007ff9cbc50000 - 0x00007ff9cbcfd000 	C:\WINDOWS\System32\SHCORE.dll
0x00007ff9cc440000 - 0x00007ff9cc495000 	C:\WINDOWS\System32\shlwapi.dll
0x00007ff9ca760000 - 0x00007ff9ca77f000 	C:\WINDOWS\SYSTEM32\profapi.dll
0x00007ff9b8230000 - 0x00007ff9b8249000 	C:\Program Files\Java\jdk-11.0.15\bin\net.dll
0x00007ff9bbf10000 - 0x00007ff9bc01a000 	C:\WINDOWS\SYSTEM32\WINHTTP.dll
0x00007ff9c9fe0000 - 0x00007ff9ca04a000 	C:\WINDOWS\system32\mswsock.dll
0x00007ff9b8210000 - 0x00007ff9b8222000 	C:\Program Files\Java\jdk-11.0.15\bin\nio.dll
0x0000000069ac0000 - 0x0000000069ae4000 	C:\Program Files\apache-maven-3.8.5\lib\jansi-native\Windows\x86_64\jansi.dll

dbghelp: loaded successfully - version: 4.0.5 - missing functions: none
symbol engine: initialized successfully - sym options: 0x614 - pdb path: .;C:\Program Files\Java\jdk-11.0.15\bin;C:\WINDOWS\SYSTEM32;C:\WINDOWS\WinSxS\amd64_microsoft.windows.common-controls_6595b64144ccf1df_6.0.19041.1110_none_60b5254171f9507e;C:\Program Files\Java\jdk-11.0.15\bin\server;C:\Program Files\apache-maven-3.8.5\lib\jansi-native\Windows\x86_64

VM Arguments:
jvm_args: -Dclassworlds.conf=C:/Program Files/apache-maven-3.8.5/bin/m2.conf -Dmaven.home=C:/Program Files/apache-maven-3.8.5 -Dlibrary.jansi.path=C:/Program Files/apache-maven-3.8.5/lib/jansi-native -Dmaven.multiModuleProjectDirectory=C:/Users/admin/WIN_Program/Full_Stack_103/Java/Testing/demo 
java_command: org.codehaus.plexus.classworlds.launcher.Launcher clean test
java_class_path (initial): C:/Program Files/apache-maven-3.8.5/boot/plexus-classworlds-2.6.0.jar
Launcher Type: SUN_STANDARD

[Global flags]
     intx CICompilerCount                          = 3                                         {product} {ergonomic}
     uint ConcGCThreads                            = 1                                         {product} {ergonomic}
     uint G1ConcRefinementThreads                  = 4                                         {product} {ergonomic}
   size_t G1HeapRegionSize                         = 1048576                                   {product} {ergonomic}
    uintx GCDrainStackTargetSize                   = 64                                        {product} {ergonomic}
   size_t InitialHeapSize                          = 130023424                                 {product} {ergonomic}
   size_t MarkStackSize                            = 4194304                                   {product} {ergonomic}
   size_t MaxHeapSize                              = 2061500416                                {product} {ergonomic}
   size_t MaxNewSize                               = 1236271104                                {product} {ergonomic}
   size_t MinHeapDeltaBytes                        = 1048576                                   {product} {ergonomic}
    uintx NonNMethodCodeHeapSize                   = 5830732                                {pd product} {ergonomic}
    uintx NonProfiledCodeHeapSize                  = 122913754                              {pd product} {ergonomic}
    uintx ProfiledCodeHeapSize                     = 122913754                              {pd product} {ergonomic}
    uintx ReservedCodeCacheSize                    = 251658240                              {pd product} {ergonomic}
     bool SegmentedCodeCache                       = true                                      {product} {ergonomic}
     bool UseCompressedClassPointers               = true                                 {lp64_product} {ergonomic}
     bool UseCompressedOops                        = true                                 {lp64_product} {ergonomic}
     bool UseG1GC                                  = true                                      {product} {ergonomic}
     bool UseLargePagesIndividualAllocation        = false                                  {pd product} {ergonomic}

Logging:
Log output configuration:
 #0: stdout all=warning uptime,level,tags
 #1: stderr all=off uptime,level,tags

Environment Variables:
JAVA_HOME=C:/Program Files/Java/jdk-11.0.15
PATH=C:\Users\admin\bin;C:\Program Files\Git\mingw64\bin;C:\Program Files\Git\usr\local\bin;C:\Program Files\Git\usr\bin;C:\Program Files\Git\usr\bin;C:\Program Files\Git\mingw64\bin;C:\Program Files\Git\usr\bin;C:\Users\admin\bin;C:\Program Files\Common Files\Oracle\Java\javapath;C:\Program Files (x86)\Common Files\Oracle\Java\javapath;C:\Program Files (x86)\NVIDIA Corporation\PhysX\Common;C:\ProgramData\Oracle\Java\javapath;C:\WINDOWS\system32;C:\WINDOWS;C:\WINDOWS\System32\Wbem;C:\Program Files\apache-maven-3.8.5\bin;C:\WINDOWS\System32\WindowsPowerShell\v1.0;C:\Program Files (x86)\Skype\Phone;C:\Program Files\WIDCOMM\Bluetooth Software;C:\Program Files\WIDCOMM\Bluetooth Software\syswow64;C:\WINDOWS\System32\OpenSSH;C:\Program Files\Git\cmd;C:\Program Files\Notepad++;C:\Program Files (x86)\nodejs;C:\Program Files\Java\jdk-11.0.15\bin;C:\Users\admin\AppData\Local\Microsoft\WindowsApps;C:\Program Files\Intel\WiFi\bin;C:\Program Files\Common Files\Intel\WirelessCommon;C:\Users\admin\AppData\Local\Programs\Microsoft VS Code\bin;C:\Users\admin\AppData\Roaming\npm;C:\Program Files\JetBrains\IntelliJ IDEA 2022.1\bin;C:\Program Files\Git\usr\bin\vendor_perl;C:\Program Files\Git\usr\bin\core_perl
USERNAME=admin
SHELL=C:\Program Files\Git\usr\bin\bash.exe
DISPLAY=needs-to-be-defined
OS=Windows_NT
PROCESSOR_IDENTIFIER=Intel64 Family 6 Model 78 Stepping 3, GenuineIntel



---------------  S Y S T E M  ---------------

OS: Windows 10 , 64 bit Build 19041 (10.0.19041.1706)

CPU:total 4 (initial active 4) (2 cores per cpu, 2 threads per core) family 6 model 78 stepping 3 microcode 0xea, cmov, cx8, fxsr, mmx, sse, sse2, sse3, ssse3, sse4.1, sse4.2, popcnt, avx, avx2, aes, clmul, erms, rtm, 3dnowpref, lzcnt, ht, tsc, tscinvbit, bmi1, bmi2, adx, fma

Memory: 4k page, system-wide physical 7858M (764M free)
TotalPageFile size 11858M (AvailPageFile size 6M)
current process WorkingSet (physical memory assigned to process): 167M, peak: 167M
current process commit charge ("private bytes"): 260M, peak: 262M

vm_info: Java HotSpot(TM) 64-Bit Server VM (11.0.15+8-LTS-149) for windows-amd64 JRE (11.0.15+8-LTS-149), built on Mar  9 2022 22:42:32 by "mach5one" with MS VC++ 15.9 (VS2017)

END.
